<?xml version="1.0" encoding="UTF-8"?>
<!-- Generated by org.testng.reporters.JUnitXMLReporter -->
<testsuite ignored="4" hostname="DESKTOP-077DMMD" failures="0" tests="1" name="Default test" time="10.285" errors="0" timestamp="2024-08-29T20:57:49 WIB">
  <testcase classname="Tokopedia.Test.SearchTest" name="TC5_SearchCategorywithdetailproduct" time="5.919"/>
  <testcase classname="Tokopedia.Test.SearchTest" name="TC2_searchinvalidProduct" time="0.0">
    <ignored/>
  </testcase> <!-- TC2_searchinvalidProduct -->
  <testcase classname="Tokopedia.Test.SearchTest" name="TC1_searchvalidProduct" time="0.0">
    <ignored/>
  </testcase> <!-- TC1_searchvalidProduct -->
  <testcase classname="Tokopedia.Test.SearchTest" name="TC3_Searchproductwithcategory" time="0.0">
    <ignored/>
  </testcase> <!-- TC3_Searchproductwithcategory -->
  <testcase classname="Tokopedia.Test.SearchTest" name="TC4_Searchproductwithsubcategoty" time="0.0">
    <ignored/>
  </testcase> <!-- TC4_Searchproductwithsubcategoty -->
</testsuite> <!-- Default test -->
