<?xml version="1.0" encoding="UTF-8"?>
<!-- Generated by org.testng.reporters.JUnitXMLReporter -->
<testsuite ignored="0" hostname="DESKTOP-077DMMD" failures="4" tests="14" name="Surefire test" time="98.892" errors="0" timestamp="2024-09-04T00:43:05 WIB">
  <testcase classname="Tokopedia.Test.LoginTest" name="TC1_validateLoginSuccessFull" time="0.006">
    <failure type="java.lang.Error" message="Unresolved compilation problem: 
	Unhandled exception type InterruptedException
">
      <![CDATA[java.lang.Error: Unresolved compilation problem: 
Unhandled exception type InterruptedException

at Tokopedia.Test.LoginTest.TC1_validateLoginSuccessFull(LoginTest.java:16)
at java.base/java.util.ArrayList.forEach(ArrayList.java:1596)
... Removed 30 stack frames]]>
    </failure>
  </testcase> <!-- TC1_validateLoginSuccessFull -->
  <testcase classname="Tokopedia.Test.LoginTest" name="TC2_validateLoginUnsuccessfullwithNOPassword" time="0.002">
    <failure type="java.lang.Error" message="Unresolved compilation problem: 
	Unhandled exception type InterruptedException
">
      <![CDATA[java.lang.Error: Unresolved compilation problem: 
Unhandled exception type InterruptedException

at Tokopedia.Test.LoginTest.TC2_validateLoginUnsuccessfullwithNOPassword(LoginTest.java:28)
at java.base/java.util.ArrayList.forEach(ArrayList.java:1596)
... Removed 30 stack frames]]>
    </failure>
  </testcase> <!-- TC2_validateLoginUnsuccessfullwithNOPassword -->
  <testcase classname="Tokopedia.Test.LoginTest" name="TC3_validateLoginUnseccessfullwithinvalidpassword" time="0.0">
    <failure type="java.lang.Error" message="Unresolved compilation problem: 
	Unhandled exception type InterruptedException
">
      <![CDATA[java.lang.Error: Unresolved compilation problem: 
Unhandled exception type InterruptedException

at Tokopedia.Test.LoginTest.TC3_validateLoginUnseccessfullwithinvalidpassword(LoginTest.java:39)
at java.base/java.util.ArrayList.forEach(ArrayList.java:1596)
... Removed 30 stack frames]]>
    </failure>
  </testcase> <!-- TC3_validateLoginUnseccessfullwithinvalidpassword -->
  <testcase classname="Tokopedia.Test.LoginTest" name="TC4_validateLoginUnseccessfullwithinvalidemail" time="3.839"/>
  <testcase classname="Tokopedia.Test.RegistrationTest" name="validateRegistration" time="3.692"/>
  <testcase classname="Tokopedia.Test.RegistrationTest" name="validateRegistrationEmailorPhoneNull" time="1.362"/>
  <testcase classname="Tokopedia.Test.RegistrationTest" name="validateRegistrationinvalidEmail" time="1.394"/>
  <testcase classname="Tokopedia.Test.RegistrationTest" name="validateRegistrationinvalidphonenumbertolong" time="1.918"/>
  <testcase classname="Tokopedia.Test.RegistrationTest" name="validateRegistrationinvalidphonenumbertoshort" time="1.531"/>
  <testcase classname="Tokopedia.Test.SearchTest" name="TC1_searchvalidProduct" time="3.005"/>
  <testcase classname="Tokopedia.Test.SearchTest" name="TC2_searchinvalidProduct" time="3.118"/>
  <testcase classname="Tokopedia.Test.SearchTest" name="TC3_Searchproductwithcategory" time="4.741"/>
  <testcase classname="Tokopedia.Test.SearchTest" name="TC4_Searchproductwithsubcategoty" time="5.437"/>
  <testcase classname="Tokopedia.Test.SearchTest" name="TC5_SearchCategorywithdetailproduct" time="10.143">
    <failure type="java.lang.IllegalArgumentException" message="Element must be set">
      <![CDATA[java.lang.IllegalArgumentException: Element must be set
at org.openqa.selenium.internal.Require.nonNull(Require.java:61)
at org.openqa.selenium.interactions.PointerInput$Origin.fromElement(PointerInput.java:277)
at org.openqa.selenium.interactions.Actions.moveInTicks(Actions.java:351)
at org.openqa.selenium.interactions.Actions.moveToElement(Actions.java:330)
at Tokopedia.PageObjects.LandingPage.goSearchProductnameCategory(LandingPage.java:102)
at Tokopedia.Test.SearchTest.TC5_SearchCategorywithdetailproduct(SearchTest.java:46)
at java.base/java.util.ArrayList.forEach(ArrayList.java:1596)
... Removed 30 stack frames]]>
    </failure>
  </testcase> <!-- TC5_SearchCategorywithdetailproduct -->
</testsuite> <!-- Surefire test -->
