-------------------------------------------------------------------------------
Test set: TestSuite
-------------------------------------------------------------------------------
Tests run: 14, Failures: 1, Errors: 0, Skipped: 0, Time elapsed: 91.862 s <<< FAILURE! - in TestSuite
TC4_validateLoginUnseccessfullwithinvalidemail(Tokopedia.Test.LoginTest)  Time elapsed: 1.21 s  <<< FAILURE!
java.lang.AssertionError
	at Tokopedia.Test.LoginTest.TC4_validateLoginUnseccessfullwithinvalidemail(LoginTest.java:53)

