<?xml version="1.0" encoding="UTF-8"?>
<testng-results ignored="0" total="1" passed="1" failed="0" skipped="0">
  <reporter-output>
  </reporter-output>
  <suite started-at="2024-08-29T20:57:39 WIB" name="Default suite" finished-at="2024-08-29T20:57:49 WIB" duration-ms="10285">
    <groups>
    </groups>
    <test started-at="2024-08-29T20:57:39 WIB" name="Default test" finished-at="2024-08-29T20:57:49 WIB" duration-ms="10285">
      <class name="Tokopedia.Test.SearchTest">
        <test-method is-config="true" signature="launchApplication()[pri:0, instance:Tokopedia.Test.SearchTest@25ce9dc4]" started-at="2024-08-29T20:57:39 WIB" name="launchApplication" finished-at="2024-08-29T20:57:43 WIB" duration-ms="4110" status="PASS">
          <reporter-output>
          </reporter-output>
        </test-method> <!-- launchApplication -->
        <test-method signature="TC5_SearchCategorywithdetailproduct()[pri:0, instance:Tokopedia.Test.SearchTest@25ce9dc4]" started-at="2024-08-29T20:57:43 WIB" name="TC5_SearchCategorywithdetailproduct" finished-at="2024-08-29T20:57:49 WIB" duration-ms="5919" status="PASS">
          <reporter-output>
          </reporter-output>
        </test-method> <!-- TC5_SearchCategorywithdetailproduct -->
        <test-method is-config="true" signature="tearDown()[pri:0, instance:Tokopedia.Test.SearchTest@25ce9dc4]" started-at="2024-08-29T20:57:49 WIB" name="tearDown" finished-at="2024-08-29T20:57:49 WIB" duration-ms="202" status="PASS">
          <reporter-output>
          </reporter-output>
        </test-method> <!-- tearDown -->
      </class> <!-- Tokopedia.Test.SearchTest -->
    </test> <!-- Default test -->
  </suite> <!-- Default suite -->
</testng-results>
